2024-10-08 01:19:27,453 [INFO] Activator:176 - 


2024-10-08 01:19:27,454 [INFO] Activator:177 - !SESSION log4j initialized
2024-10-08 01:19:30,153 [INFO] LogOutputStream:77 - [STDOUT_REDIRECT] 
2024-10-08 01:19:36,806 [INFO] ApplicationProperties:184 - Using Application install path: C:\ST\STM32CubeIDE_1.13.0\STM32CubeIDE\plugins\com.st.stm32cube.common.mx_6.9.0.202307051724
2024-10-08 01:19:36,822 [INFO] DbMcusXml:78 - Set database path to: C:\ST\STM32CubeIDE_1.13.0\STM32CubeIDE\plugins\com.st.stm32cube.common.mx_6.9.0.202307051724\\db\/mcu/
2024-10-08 01:19:36,822 [INFO] ApiDb:274 - Set plugin database path to: C:\ST\STM32CubeIDE_1.13.0\STM32CubeIDE\plugins\com.st.stm32cube.common.mx_6.9.0.202307051724\\db\/plugins/boardmanager/
2024-10-08 01:19:36,822 [WARN] ApiDb:259 - Overriding images path with different value:  => C:\ST\STM32CubeIDE_1.13.0\STM32CubeIDE\plugins\com.st.stm32cube.common.mx_6.9.0.202307051724\\db\/plugins/mcufinder/images/
2024-10-08 01:19:36,831 [INFO] ApiDb:250 - Set database path to: C:\Users\vieth\.stmcufinder\plugins\mcufinder//mcu/
2024-10-08 01:19:36,832 [INFO] DbMcusAds:125 - Set database path to: C:\Users\vieth\.stmcufinder\plugins\mcufinder//mcu/
2024-10-08 01:19:36,834 [INFO] CrossReferenceDbSqlite:203 - Set database path to: C:\Users\vieth\.stmcufinder\plugins\mcufinder//mcu/cs/
2024-10-08 01:19:36,930 [INFO] RulesReader:64 - Compatibility file has been processed (293 Rules)
2024-10-08 01:19:37,002 [INFO] DbMcusXml:78 - Set database path to: C:\ST\STM32CubeIDE_1.13.0\STM32CubeIDE\plugins\com.st.stm32cube.common.mx_6.9.0.202307051724\\db\/mcu/
2024-10-08 01:19:37,003 [INFO] ApiDb:274 - Set plugin database path to: C:\ST\STM32CubeIDE_1.13.0\STM32CubeIDE\plugins\com.st.stm32cube.common.mx_6.9.0.202307051724\\db\/plugins/boardmanager/
2024-10-08 01:19:37,003 [INFO] ApiDb:261 - Set plugin images path to: C:\ST\STM32CubeIDE_1.13.0\STM32CubeIDE\plugins\com.st.stm32cube.common.mx_6.9.0.202307051724\\db\/plugins/mcufinder/images/
2024-10-08 01:19:37,004 [WARN] DbFile:41 - Overriding database path with different value: C:\Users\vieth\.stmcufinder\plugins\mcufinder/ => C:\Users\vieth\.stmcufinder\plugins\mcufinder
2024-10-08 01:19:37,004 [INFO] ApiDb:250 - Set database path to: C:\Users\vieth\.stmcufinder\plugins\mcufinder//mcu/
2024-10-08 01:19:37,005 [WARN] DbFile:41 - Overriding database path with different value: C:\Users\vieth\.stmcufinder\plugins\mcufinder/ => C:\Users\vieth\.stmcufinder\plugins\mcufinder
2024-10-08 01:19:37,006 [INFO] DbMcusAds:125 - Set database path to: C:\Users\vieth\.stmcufinder\plugins\mcufinder//mcu/
2024-10-08 01:19:37,006 [WARN] DbFile:41 - Overriding database path with different value: C:\Users\vieth\.stmcufinder\plugins\mcufinder/ => C:\Users\vieth\.stmcufinder\plugins\mcufinder
2024-10-08 01:19:37,006 [WARN] DbFile:41 - Overriding database path with different value: C:\Users\vieth\.stmcufinder\plugins\mcufinder/ => C:\Users\vieth\.stmcufinder\plugins\mcufinder
2024-10-08 01:19:37,006 [INFO] CrossReferenceDbSqlite:203 - Set database path to: C:\Users\vieth\.stmcufinder\plugins\mcufinder//mcu/cs/
2024-10-08 01:19:37,072 [INFO] MainPanel:262 - HeapMemory: 268435456
2024-10-08 01:19:37,200 [INFO] DbMcusXml:78 - Set database path to: C:\ST\STM32CubeIDE_1.13.0\STM32CubeIDE\plugins\com.st.stm32cube.common.mx_6.9.0.202307051724\\db\/mcu/
2024-10-08 01:19:37,200 [INFO] ApiDb:274 - Set plugin database path to: C:\ST\STM32CubeIDE_1.13.0\STM32CubeIDE\plugins\com.st.stm32cube.common.mx_6.9.0.202307051724\\db\/plugins/boardmanager/
2024-10-08 01:19:37,200 [INFO] ApiDb:261 - Set plugin images path to: C:\ST\STM32CubeIDE_1.13.0\STM32CubeIDE\plugins\com.st.stm32cube.common.mx_6.9.0.202307051724\\db\/plugins/mcufinder/images/
2024-10-08 01:19:37,200 [WARN] DbFile:41 - Overriding database path with different value: C:\Users\vieth\.stmcufinder\plugins\mcufinder/ => C:\Users\vieth\.stmcufinder\plugins\mcufinder
2024-10-08 01:19:37,201 [INFO] ApiDb:250 - Set database path to: C:\Users\vieth\.stmcufinder\plugins\mcufinder//mcu/
2024-10-08 01:19:37,201 [WARN] DbFile:41 - Overriding database path with different value: C:\Users\vieth\.stmcufinder\plugins\mcufinder/ => C:\Users\vieth\.stmcufinder\plugins\mcufinder
2024-10-08 01:19:37,201 [INFO] DbMcusAds:125 - Set database path to: C:\Users\vieth\.stmcufinder\plugins\mcufinder//mcu/
2024-10-08 01:19:37,201 [WARN] DbFile:41 - Overriding database path with different value: C:\Users\vieth\.stmcufinder\plugins\mcufinder/ => C:\Users\vieth\.stmcufinder\plugins\mcufinder
2024-10-08 01:19:37,201 [WARN] DbFile:41 - Overriding database path with different value: C:\Users\vieth\.stmcufinder\plugins\mcufinder/ => C:\Users\vieth\.stmcufinder\plugins\mcufinder
2024-10-08 01:19:37,201 [INFO] CrossReferenceDbSqlite:203 - Set database path to: C:\Users\vieth\.stmcufinder\plugins\mcufinder//mcu/cs/
2024-10-08 01:19:37,224 [INFO] ApplicationProperties:184 - Using Application install path: C:\ST\STM32CubeIDE_1.13.0\STM32CubeIDE\plugins\com.st.stm32cube.common.mx_6.9.0.202307051724
2024-10-08 01:19:37,226 [INFO] PluginManage:196 - Search for loadable plugins [exclusion list=, ]
2024-10-08 01:19:37,228 [INFO] PluginManage:310 - Check plugin analytics
2024-10-08 01:19:41,967 [INFO] AnalyticsPlugin:253 - Accepted Software Licenses: 
2024-10-08 01:19:41,967 [INFO] AnalyticsPlugin:255 - Accepted CMSIS Pack Licenses: 
2024-10-08 01:19:41,967 [INFO] AnalyticsPlugin:257 - Accepted Firmware Licenses: FW.F4.1.27.0
2024-10-08 01:19:41,970 [INFO] PluginManage:359 - Loaded plugin analytics (category:tool,tabindex:-1)
2024-10-08 01:19:41,974 [INFO] PluginManage:310 - Check plugin cadmodel
2024-10-08 01:19:41,990 [INFO] CADModel:105 - Init CAD model plugin
2024-10-08 01:19:41,990 [INFO] PluginManage:359 - Loaded plugin cadmodel (category:power,tabindex:5)
2024-10-08 01:19:41,990 [INFO] PluginManage:310 - Check plugin clock
2024-10-08 01:19:42,009 [INFO] PluginManage:359 - Loaded plugin clock (category:base,tabindex:2)
2024-10-08 01:19:42,009 [INFO] PluginManage:310 - Check plugin ddr
2024-10-08 01:19:42,012 [INFO] PluginManage:359 - Loaded plugin ddr (category:tool,tabindex:6)
2024-10-08 01:19:42,012 [INFO] PluginManage:310 - Check plugin filemanager
2024-10-08 01:19:42,129 [INFO] PluginManage:359 - Loaded plugin filemanager (category:base,tabindex:10)
2024-10-08 01:19:42,129 [INFO] PluginManage:310 - Check plugin ipmanager
2024-10-08 01:19:42,135 [INFO] PluginManage:359 - Loaded plugin ipmanager (category:base,tabindex:5)
2024-10-08 01:19:42,135 [INFO] PluginManage:310 - Check plugin lpbam
2024-10-08 01:19:42,150 [INFO] PluginManage:359 - Loaded plugin lpbam (category:base,tabindex:0)
2024-10-08 01:19:42,150 [INFO] PluginManage:310 - Check plugin memorymap
2024-10-08 01:19:42,170 [INFO] PluginManage:359 - Loaded plugin memorymap (category:base,tabindex:4)
2024-10-08 01:19:42,170 [INFO] PluginManage:310 - Check plugin pinoutandconfiguration
2024-10-08 01:19:42,185 [INFO] PluginManage:359 - Loaded plugin pinoutandconfiguration (category:base,tabindex:1)
2024-10-08 01:19:42,185 [INFO] PluginManage:310 - Check plugin pinoutconfig
2024-10-08 01:19:42,271 [WARN] SupportedApi:132 - Cannot load RTOS API schema: s4s-elt-must-match.1: The content of 'definitions' must match (annotation?, (simpleType | complexType)?, (unique | key | keyref)*)). A problem was found starting at: attribute.
2024-10-08 01:19:42,412 [INFO] PluginManage:359 - Loaded plugin pinoutconfig (category:base,tabindex:0)
2024-10-08 01:19:42,412 [INFO] PluginManage:310 - Check plugin power
2024-10-08 01:19:42,428 [INFO] PluginManage:359 - Loaded plugin power (category:power,tabindex:4)
2024-10-08 01:19:42,428 [INFO] PluginManage:310 - Check plugin projectmanager
2024-10-08 01:19:42,441 [INFO] PluginManage:359 - Loaded plugin projectmanager (category:projectmanager,tabindex:3)
2024-10-08 01:19:42,441 [INFO] PluginManage:310 - Check plugin thirdparty
2024-10-08 01:19:42,714 [INFO] PluginManage:359 - Loaded plugin thirdparty (category:base,tabindex:-1)
2024-10-08 01:19:42,715 [INFO] PluginManage:310 - Check plugin tools
2024-10-08 01:19:42,714 [WARN] IntegrityCheckThread:84 - waiting for thirdparty lock release [integrity check]
2024-10-08 01:19:42,715 [INFO] IntegrityCheckThread:86 - entering critical section [integrity check]
2024-10-08 01:19:42,715 [INFO] ThirdPartyUpdaterWithRetryManager:70 - Updater plugin not ready yet. [1/15]
2024-10-08 01:19:42,750 [INFO] PluginManage:359 - Loaded plugin tools (category:base,tabindex:7)
2024-10-08 01:19:42,750 [INFO] PluginManage:310 - Check plugin tutovideos
2024-10-08 01:19:42,939 [INFO] PluginManage:359 - Loaded plugin tutovideos (category:base,tabindex:-1)
2024-10-08 01:19:42,939 [INFO] PluginManage:310 - Check plugin updater
2024-10-08 01:19:42,949 [INFO] PluginManage:359 - Loaded plugin updater (category:base,tabindex:12)
2024-10-08 01:19:42,949 [INFO] PluginManage:310 - Check plugin userauth
2024-10-08 01:19:42,955 [INFO] UserAuth:113 - Init User Auth plugin
2024-10-08 01:19:42,955 [INFO] PluginManage:359 - Loaded plugin userauth (category:base,tabindex:14)
2024-10-08 01:19:42,956 [INFO] PluginManage:283 - PluginManage : Loaded plugins [17]
2024-10-08 01:19:43,179 [INFO] PinOutPanel:1499 - setPackage(No Configuration,No Configuration)
2024-10-08 01:19:43,293 [INFO] CADModel:165 - CPN selected for project level
2024-10-08 01:19:43,293 [INFO] CADModel:114 - Register for checkConnection events
2024-10-08 01:19:43,320 [INFO] IPUIPlugin:80 - create IPUIPlugin
2024-10-08 01:19:43,320 [INFO] PluginManager:220 - loadIPPluginJar : add adc
2024-10-08 01:19:43,357 [INFO] IPUIPlugin:80 - create IPUIPlugin
2024-10-08 01:19:43,358 [INFO] PluginManager:220 - loadIPPluginJar : add aes
2024-10-08 01:19:43,396 [INFO] IPUIPlugin:80 - create IPUIPlugin
2024-10-08 01:19:43,396 [INFO] PluginManager:220 - loadIPPluginJar : add can
2024-10-08 01:19:43,418 [INFO] IPUIPlugin:80 - create IPUIPlugin
2024-10-08 01:19:43,418 [INFO] PluginManager:220 - loadIPPluginJar : add comp
2024-10-08 01:19:43,455 [INFO] IPUIPlugin:80 - create IPUIPlugin
2024-10-08 01:19:43,456 [INFO] PluginManager:220 - loadIPPluginJar : add cryp
2024-10-08 01:19:43,488 [INFO] IPUIPlugin:80 - create IPUIPlugin
2024-10-08 01:19:43,488 [INFO] PluginManager:220 - loadIPPluginJar : add dfsdm
2024-10-08 01:19:43,502 [INFO] IPUIPlugin:80 - create IPUIPlugin
2024-10-08 01:19:43,503 [INFO] PluginManager:220 - loadIPPluginJar : add dma
2024-10-08 01:19:43,546 [INFO] IPUIPlugin:80 - create IPUIPlugin
2024-10-08 01:19:43,546 [INFO] PluginManager:220 - loadIPPluginJar : add dma3
2024-10-08 01:19:43,566 [INFO] IPUIPlugin:80 - create IPUIPlugin
2024-10-08 01:19:43,566 [INFO] PluginManager:220 - loadIPPluginJar : add fatfs
2024-10-08 01:19:43,614 [INFO] IPUIPlugin:80 - create IPUIPlugin
2024-10-08 01:19:43,614 [INFO] PluginManager:220 - loadIPPluginJar : add fmc
2024-10-08 01:19:43,628 [INFO] IPUIPlugin:80 - create IPUIPlugin
2024-10-08 01:19:43,628 [INFO] PluginManager:220 - loadIPPluginJar : add freertos
2024-10-08 01:19:43,649 [INFO] IPUIPlugin:80 - create IPUIPlugin
2024-10-08 01:19:43,649 [INFO] PluginManager:220 - loadIPPluginJar : add genericplugin
2024-10-08 01:19:43,751 [INFO] IPUIPlugin:80 - create IPUIPlugin
2024-10-08 01:19:43,751 [INFO] PluginManager:220 - loadIPPluginJar : add gfxmmu
2024-10-08 01:19:43,888 [INFO] IPUIPlugin:80 - create IPUIPlugin
2024-10-08 01:19:43,889 [INFO] PluginManager:220 - loadIPPluginJar : add gic
2024-10-08 01:19:43,899 [INFO] IPUIPlugin:80 - create IPUIPlugin
2024-10-08 01:19:43,899 [INFO] PluginManager:220 - loadIPPluginJar : add gpio
2024-10-08 01:19:43,992 [INFO] IPUIPlugin:80 - create IPUIPlugin
2024-10-08 01:19:43,992 [INFO] PluginManager:220 - loadIPPluginJar : add gtzc
2024-10-08 01:19:44,026 [INFO] IPUIPlugin:80 - create IPUIPlugin
2024-10-08 01:19:44,026 [INFO] PluginManager:220 - loadIPPluginJar : add hash
2024-10-08 01:19:44,080 [INFO] IPUIPlugin:80 - create IPUIPlugin
2024-10-08 01:19:44,080 [INFO] PluginManager:220 - loadIPPluginJar : add i2c
2024-10-08 01:19:44,119 [INFO] IPUIPlugin:80 - create IPUIPlugin
2024-10-08 01:19:44,119 [INFO] PluginManager:220 - loadIPPluginJar : add i2s
2024-10-08 01:19:44,159 [INFO] IPUIPlugin:80 - create IPUIPlugin
2024-10-08 01:19:44,159 [INFO] PluginManager:220 - loadIPPluginJar : add i3c
2024-10-08 01:19:44,270 [INFO] IPUIPlugin:80 - create IPUIPlugin
2024-10-08 01:19:44,270 [INFO] PluginManager:220 - loadIPPluginJar : add ipddr
2024-10-08 01:19:44,384 [INFO] IPUIPlugin:80 - create IPUIPlugin
2024-10-08 01:19:44,384 [INFO] PluginManager:220 - loadIPPluginJar : add linkedlist
2024-10-08 01:19:44,417 [INFO] IPUIPlugin:80 - create IPUIPlugin
2024-10-08 01:19:44,417 [INFO] PluginManager:220 - loadIPPluginJar : add lorawan
2024-10-08 01:19:44,461 [INFO] IPUIPlugin:80 - create IPUIPlugin
2024-10-08 01:19:44,461 [INFO] PluginManager:220 - loadIPPluginJar : add ltdc
2024-10-08 01:19:44,478 [INFO] IPUIPlugin:80 - create IPUIPlugin
2024-10-08 01:19:44,479 [INFO] PluginManager:220 - loadIPPluginJar : add mdma
2024-10-08 01:19:44,491 [INFO] IPUIPlugin:80 - create IPUIPlugin
2024-10-08 01:19:44,491 [INFO] PluginManager:220 - loadIPPluginJar : add nvic
2024-10-08 01:19:44,540 [INFO] IPUIPlugin:80 - create IPUIPlugin
2024-10-08 01:19:44,540 [INFO] PluginManager:220 - loadIPPluginJar : add opamp
2024-10-08 01:19:44,610 [INFO] IPUIPlugin:80 - create IPUIPlugin
2024-10-08 01:19:44,610 [INFO] PluginManager:220 - loadIPPluginJar : add openamp
2024-10-08 01:19:44,657 [INFO] IPUIPlugin:80 - create IPUIPlugin
2024-10-08 01:19:44,657 [INFO] PluginManager:220 - loadIPPluginJar : add pdm2pcm
2024-10-08 01:19:44,671 [INFO] IPUIPlugin:80 - create IPUIPlugin
2024-10-08 01:19:44,673 [INFO] PluginManager:220 - loadIPPluginJar : add plateformsettings
2024-10-08 01:19:44,704 [INFO] IPUIPlugin:80 - create IPUIPlugin
2024-10-08 01:19:44,704 [INFO] PluginManager:220 - loadIPPluginJar : add quadspi
2024-10-08 01:19:44,719 [INFO] IPUIPlugin:80 - create IPUIPlugin
2024-10-08 01:19:44,719 [INFO] PluginManager:220 - loadIPPluginJar : add resmgrutility
2024-10-08 01:19:44,781 [INFO] IPUIPlugin:80 - create IPUIPlugin
2024-10-08 01:19:44,781 [INFO] PluginManager:220 - loadIPPluginJar : add sai
2024-10-08 01:19:44,824 [INFO] IPUIPlugin:80 - create IPUIPlugin
2024-10-08 01:19:44,824 [INFO] PluginManager:220 - loadIPPluginJar : add spi
2024-10-08 01:19:44,879 [INFO] IPUIPlugin:80 - create IPUIPlugin
2024-10-08 01:19:44,879 [INFO] PluginManager:220 - loadIPPluginJar : add stm32_wpan
2024-10-08 01:19:44,901 [INFO] IPUIPlugin:80 - create IPUIPlugin
2024-10-08 01:19:44,901 [INFO] PluginManager:220 - loadIPPluginJar : add tim
2024-10-08 01:19:44,960 [INFO] IPUIPlugin:80 - create IPUIPlugin
2024-10-08 01:19:44,960 [INFO] PluginManager:220 - loadIPPluginJar : add touchsensing
2024-10-08 01:19:44,980 [INFO] IPUIPlugin:80 - create IPUIPlugin
2024-10-08 01:19:44,980 [INFO] PluginManager:220 - loadIPPluginJar : add tracer_emb
2024-10-08 01:19:45,000 [INFO] IPUIPlugin:80 - create IPUIPlugin
2024-10-08 01:19:45,001 [INFO] PluginManager:220 - loadIPPluginJar : add ts
2024-10-08 01:19:45,021 [INFO] IPUIPlugin:80 - create IPUIPlugin
2024-10-08 01:19:45,021 [INFO] PluginManager:220 - loadIPPluginJar : add tsc
2024-10-08 01:19:45,042 [INFO] IPUIPlugin:80 - create IPUIPlugin
2024-10-08 01:19:45,042 [INFO] PluginManager:220 - loadIPPluginJar : add ucpd
2024-10-08 01:19:45,084 [INFO] IPUIPlugin:80 - create IPUIPlugin
2024-10-08 01:19:45,084 [INFO] PluginManager:220 - loadIPPluginJar : add usart
2024-10-08 01:19:45,126 [INFO] IPUIPlugin:80 - create IPUIPlugin
2024-10-08 01:19:45,126 [INFO] PluginManager:220 - loadIPPluginJar : add usbx
2024-10-08 01:19:45,244 [INFO] CADModel:165 - CPN selected for project level
2024-10-08 01:19:45,244 [INFO] CADModel:114 - Register for checkConnection events
2024-10-08 01:19:45,245 [FATAL] Updater:308 - Updater called before beeing initialized
2024-10-08 01:19:45,245 [ERROR] CADModel:125 - Updater not yet initialized, retry later 
2024-10-08 01:19:45,377 [INFO] CADModel:165 - CPN selected for project level
2024-10-08 01:19:45,377 [INFO] CADModel:114 - Register for checkConnection events
2024-10-08 01:19:45,378 [FATAL] Updater:308 - Updater called before beeing initialized
2024-10-08 01:19:45,378 [ERROR] CADModel:125 - Updater not yet initialized, retry later 
2024-10-08 01:19:45,381 [FATAL] Updater:308 - Updater called before beeing initialized
2024-10-08 01:19:45,493 [FATAL] Updater:308 - Updater called before beeing initialized
2024-10-08 01:19:45,504 [INFO] DbMcusAds:53 - JSON generation date=Fri Sep 20 20:04:23 ICT 2024 (1726837463113)
2024-10-08 01:19:45,504 [FATAL] Updater:308 - Updater called before beeing initialized
2024-10-08 01:19:45,540 [WARN] DetailPanel:346 - Failed to get advertising image, set to default
2024-10-08 01:19:45,620 [FATAL] Updater:308 - Updater called before beeing initialized
2024-10-08 01:19:45,622 [FATAL] Updater:308 - Updater called before beeing initialized
2024-10-08 01:19:45,622 [FATAL] Updater:308 - Updater called before beeing initialized
2024-10-08 01:19:45,622 [WARN] DetailPanel:346 - Failed to get advertising image, set to default
2024-10-08 01:19:45,623 [FATAL] Updater:308 - Updater called before beeing initialized
2024-10-08 01:19:45,675 [ERROR] Updater:1120 - MainUpdater not yet initialized. External WinMGr cannot be set.
2024-10-08 01:19:45,686 [INFO] Updater:1056 - Updater Version found : 6.9.0
2024-10-08 01:19:45,701 [INFO] ApplicationProperties:184 - Using Application install path: C:\ST\STM32CubeIDE_1.13.0\STM32CubeIDE\plugins\com.st.stm32cube.common.mx_6.9.0.202307051724
2024-10-08 01:19:45,717 [INFO] ThirdPartyUpdaterWithRetryManager:70 - Updater plugin not ready yet. [2/15]
2024-10-08 01:19:45,864 [INFO] MainUpdater:2868 - connection check result : 10
2024-10-08 01:19:45,865 [INFO] MainUpdater:3562 - Updater definition file requires update
2024-10-08 01:19:45,866 [INFO] MainUpdater:285 - Updater Check For Update Now.
2024-10-08 01:19:45,866 [INFO] MicroXplorer:498 - Change Database Version : DB.6.0.90
2024-10-08 01:19:45,889 [INFO] McuFinderGlobals:63 - Set McuFinder mode to 2 (CubeIDE integrated)
2024-10-08 01:19:45,936 [INFO] ServerAccessManage:473 - Download File updaters.zip
2024-10-08 01:19:46,013 [INFO] FileExtend:240 - Unzip File : updaters.zip
2024-10-08 01:19:46,014 [INFO] FileExtend:255 - Standard Zip Deflate
2024-10-08 01:19:46,695 [INFO] ServerAccessManage:473 - Download File PacksControlFlags.xml
2024-10-08 01:19:46,898 [INFO] ServerAccessManage:473 - Download File cubemx.pidx
2024-10-08 01:19:47,888 [INFO] ServerAccessManage:473 - Download File STMicroelectronics.X-CUBE-IPS.pdsc
2024-10-08 01:19:48,718 [WARN] MainUpdater:1189 - Updater busy. Cannot search thirdparties
2024-10-08 01:19:48,718 [INFO] ThirdPartyUpdaterWithRetryManager:96 - Updater plugin is busy. [1/15]
2024-10-08 01:19:49,345 [INFO] ServerAccessManage:473 - Download File STMicroelectronics.X-CUBE-WB05N.pdsc
2024-10-08 01:19:49,766 [WARN] PopulateThirdPartyThread:106 - Error when creating pack: C:/Users/vieth/.stm32cubemx/thirdparties/pdsc/STMicroelectronics.X-CUBE-IPS.pdsc
2024-10-08 01:19:49,798 [WARN] PackLoader:240 - Cannot read IP mode file for STMicroelectronics.X-CUBE-WB05N.1.1.0
2024-10-08 01:19:49,802 [INFO] PopulateThirdPartyThread:66 - Ending populate Thread
2024-10-08 01:19:49,804 [INFO] ThirdParty:1030 - CMSIS Pack Vendor :STMicroelectronics X-CUBE-WB05N 1.1.0
2024-10-08 01:19:49,805 [INFO] LoadServerUpdatesThread:373 - End of LoadServerUpdate Thread
2024-10-08 01:19:49,955 [INFO] CheckServerUpdateThread:120 - End of CheckServer Thread
2024-10-08 01:19:51,882 [WARN] PackLoader:240 - Cannot read IP mode file for STMicroelectronics.FP-SNS-MOTENVWB1.1.4.0
2024-10-08 01:19:51,895 [WARN] PackLoader:240 - Cannot read IP mode file for STMicroelectronics.X-CUBE-SMBUS.2.1.0
2024-10-08 01:19:51,900 [WARN] PackLoader:240 - Cannot read IP mode file for STMicroelectronics.X-CUBE-WB05N.1.1.0
2024-10-08 01:19:51,915 [WARN] PackLoader:240 - Cannot read IP mode file for STMicroelectronics.X-CUBE-TOUCHGFX.4.23.1
2024-10-08 01:19:51,925 [WARN] PackLoader:240 - Cannot read IP mode file for STMicroelectronics.X-CUBE-TOUCHGFX.4.23.0
2024-10-08 01:19:51,960 [WARN] PackLoader:240 - Cannot read IP mode file for STMicroelectronics.X-CUBE-AZRTOS-F7.1.1.0
2024-10-08 01:19:51,981 [WARN] PackLoader:240 - Cannot read IP mode file for STMicroelectronics.FP-SNS-MOTENV1.4.3.2
2024-10-08 01:19:52,055 [WARN] PackLoader:240 - Cannot read IP mode file for STMicroelectronics.X-CUBE-MEMS1.11.0.0
2024-10-08 01:19:52,201 [WARN] PackLoader:240 - Cannot read IP mode file for STMicroelectronics.X-CUBE-BLE1.6.2.4
2024-10-08 01:19:52,208 [WARN] PackLoader:240 - Cannot read IP mode file for STMicroelectronics.FP-SNS-FLIGHT1.5.0.2
2024-10-08 01:19:52,222 [WARN] PackLoader:240 - Cannot read IP mode file for STMicroelectronics.X-CUBE-DISPLAY.3.0.0
2024-10-08 01:19:52,241 [WARN] PackLoader:240 - Cannot read IP mode file for STMicroelectronics.X-CUBE-BLE1.7.0.0
2024-10-08 01:19:52,255 [WARN] PackLoader:240 - Cannot read IP mode file for STMicroelectronics.X-CUBE-NFC10.1.0.0
2024-10-08 01:19:52,268 [WARN] PackLoader:240 - Cannot read IP mode file for emotas.I-CUBE-CANOPEN.1.3.0
2024-10-08 01:19:52,280 [WARN] PackLoader:240 - Cannot read IP mode file for STMicroelectronics.X-CUBE-TOUCHGFX.4.22.0
2024-10-08 01:19:52,291 [WARN] PackLoader:240 - Cannot read IP mode file for STMicroelectronics.X-CUBE-TOUCHGFX.4.22.1
2024-10-08 01:19:52,310 [WARN] PackLoader:240 - Cannot read IP mode file for STMicroelectronics.X-CUBE-BLEMGR.3.1.0
2024-10-08 01:19:52,325 [WARN] PackLoader:240 - Cannot read IP mode file for STMicroelectronics.FP-SNS-SMARTAG2.1.2.0
2024-10-08 01:19:52,346 [INFO] LogOutputStream:77 - [STDOUT_REDIRECT] 1 : Invalid condition id : UX_CORESTACK_Condition cause : null
2024-10-08 01:19:52,347 [INFO] LogOutputStream:77 - [STDOUT_REDIRECT] 1 : Invalid condition id : UX_CORESTACK_Condition cause : null
2024-10-08 01:19:52,348 [INFO] LogOutputStream:77 - [STDOUT_REDIRECT] 1 : Invalid condition id : UX_CORESTACK_Condition cause : null
2024-10-08 01:19:52,349 [INFO] LogOutputStream:77 - [STDOUT_REDIRECT] 1 : Invalid condition id : UX_CORESTACK_Condition cause : null
2024-10-08 01:19:52,351 [INFO] LogOutputStream:77 - [STDOUT_REDIRECT] 1 : Invalid condition id : UX_CORESTACK_Condition cause : null
2024-10-08 01:19:52,354 [WARN] PackLoader:240 - Cannot read IP mode file for STMicroelectronics.X-CUBE-AZRTOS-WL.2.0.0
2024-10-08 01:19:52,365 [WARN] PackLoader:240 - Cannot read IP mode file for STMicroelectronics.FP-SNS-MOTENV1.5.0.0
2024-10-08 01:19:52,371 [WARN] PackLoader:240 - Cannot read IP mode file for wolfSSL.I-CUBE-wolfMQTT.1.19.0
2024-10-08 01:19:52,390 [WARN] PackLoader:240 - Cannot read IP mode file for WES.I-CUBE-Cesium.1.3.0
2024-10-08 01:19:52,403 [WARN] PackLoader:240 - Cannot read IP mode file for STMicroelectronics.X-CUBE-BLE2.3.3.0
2024-10-08 01:19:52,415 [WARN] PackLoader:240 - Cannot read IP mode file for STMicroelectronics.X-CUBE-NFC9.1.0.0
2024-10-08 01:19:52,428 [WARN] PackLoader:240 - Cannot read IP mode file for STMicroelectronics.X-CUBE-TCPP.4.1.0
2024-10-08 01:19:52,446 [WARN] PackLoader:240 - Cannot read IP mode file for STMicroelectronics.X-CUBE-ALGOBUILD.1.3.0
2024-10-08 01:19:52,468 [WARN] PackLoader:240 - Cannot read IP mode file for STMicroelectronics.X-CUBE-AZRTOS-G0.1.1.0
2024-10-08 01:19:52,485 [WARN] PackLoader:240 - Cannot read IP mode file for STMicroelectronics.X-CUBE-SAFEA1.1.2.2
2024-10-08 01:19:52,498 [WARN] PackLoader:240 - Cannot read IP mode file for STMicroelectronics.X-CUBE-NFC4.3.0.0
2024-10-08 01:19:52,510 [ERROR] Engine:466 - C:\Users\vieth\.stm32cubemx\thirdparties\pdsc\EmbeddedOffice.I-CUBE-FS-RTOS.1.0.1.pdsc: PDSC version is not supported
2024-10-08 01:19:52,524 [WARN] PackLoader:240 - Cannot read IP mode file for STMicroelectronics.X-CUBE-BLEMGR.3.0.0
2024-10-08 01:19:52,535 [ERROR] Engine:466 - C:\Users\vieth\.stm32cubemx\thirdparties\pdsc\RealThread.X-CUBE-RT-Thread_Nano.4.1.1.pdsc: PDSC version is not supported
2024-10-08 01:19:52,540 [WARN] PackLoader:240 - Cannot read IP mode file for STMicroelectronics.FP-ATR-SIGFOX1.3.2.0
2024-10-08 01:19:52,555 [WARN] PackLoader:240 - Cannot read IP mode file for STMicroelectronics.X-CUBE-EEPRMA1.5.1.0
2024-10-08 01:19:52,595 [WARN] PackLoader:240 - Cannot read IP mode file for SEGGER.I-CUBE-embOS.1.3.1
2024-10-08 01:19:52,642 [WARN] PackLoader:240 - Cannot read IP mode file for STMicroelectronics.X-CUBE-ALGOBUILD.1.4.0
2024-10-08 01:19:52,654 [WARN] PackLoader:240 - Cannot read IP mode file for STMicroelectronics.X-CUBE-AI.9.1.0
2024-10-08 01:19:52,669 [WARN] PackLoader:240 - Cannot read IP mode file for STMicroelectronics.X-CUBE-GNSS1.6.0.0
2024-10-08 01:19:52,691 [WARN] PackLoader:240 - Cannot read IP mode file for STMicroelectronics.X-CUBE-AZRTOS-F4.1.1.0
2024-10-08 01:19:52,707 [WARN] PackLoader:240 - Cannot read IP mode file for wolfSSL.I-CUBE-wolfSSL.5.6.3
2024-10-08 01:19:52,721 [WARN] PackLoader:240 - Cannot read IP mode file for STMicroelectronics.X-CUBE-ISPU.2.1.0
2024-10-08 01:19:52,731 [WARN] PackLoader:240 - Cannot read IP mode file for STMicroelectronics.X-CUBE-FREERTOS.1.2.0
2024-10-08 01:19:52,758 [WARN] PackLoader:240 - Cannot read IP mode file for STMicroelectronics.X-CUBE-AZRTOS-L5.2.0.0
2024-10-08 01:19:52,806 [WARN] PackLoader:240 - Cannot read IP mode file for STMicroelectronics.X-CUBE-MEMS1.9.6.0
2024-10-08 01:19:52,947 [WARN] PackLoader:240 - Cannot read IP mode file for STMicroelectronics.X-CUBE-EEPRMA1.4.2.0
2024-10-08 01:19:52,964 [WARN] PackLoader:240 - Cannot read IP mode file for STMicroelectronics.X-CUBE-NFC6.3.1.0
2024-10-08 01:19:52,979 [WARN] PackLoader:240 - Cannot read IP mode file for ITTIA_DB.I-CUBE-ITTIADB.8.8.0
2024-10-08 01:19:52,992 [WARN] PackLoader:240 - Cannot read IP mode file for STMicroelectronics.X-CUBE-BLEMGR.2.0.0
2024-10-08 01:19:53,006 [ERROR] Engine:466 - C:\Users\vieth\.stm32cubemx\thirdparties\pdsc\STMicroelectronics.X-CUBE-DPower.1.2.0.pdsc: PDSC version is not supported
2024-10-08 01:19:53,018 [WARN] PackLoader:240 - Cannot read IP mode file for STMicroelectronics.X-CUBE-AI.9.0.0
2024-10-08 01:19:53,043 [WARN] ConditionMgr:438 - getConditionDescription Invalid condition id : UX DEVICE CLASS RTOS Condition cause : null
2024-10-08 01:19:53,044 [WARN] ConditionMgr:438 - getConditionDescription Invalid condition id : UX DEVICE CLASS RTOS Condition cause : null
2024-10-08 01:19:53,047 [WARN] PackLoader:240 - Cannot read IP mode file for STMicroelectronics.X-CUBE-AZRTOS-H7.3.1.0
2024-10-08 01:19:53,048 [WARN] ConditionMgr:1039 - genDependencies : Invalid condition id : UX DEVICE CLASS RTOS Condition cause : null
2024-10-08 01:19:53,048 [WARN] ConditionMgr:1039 - genDependencies : Invalid condition id : UX DEVICE CLASS RTOS Condition cause : null
2024-10-08 01:19:53,048 [WARN] ConditionMgr:1039 - genDependencies : Invalid condition id : UX DEVICE CLASS RTOS Condition cause : null
2024-10-08 01:19:53,049 [WARN] ConditionMgr:1039 - genDependencies : Invalid condition id : UX DEVICE CLASS RTOS Condition cause : null
2024-10-08 01:19:53,049 [WARN] ConditionMgr:1039 - genDependencies : Invalid condition id : UX DEVICE CLASS RTOS Condition cause : null
2024-10-08 01:19:53,063 [WARN] PackLoader:240 - Cannot read IP mode file for STMicroelectronics.X-CUBE-NFC7.1.0.1
2024-10-08 01:19:53,080 [WARN] PackLoader:240 - Cannot read IP mode file for STMicroelectronics.X-CUBE-NFC6.3.0.0
2024-10-08 01:19:53,097 [WARN] PackLoader:240 - Cannot read IP mode file for STMicroelectronics.X-CUBE-EEPRMA1.4.1.0
2024-10-08 01:19:53,112 [WARN] PackLoader:240 - Cannot read IP mode file for STMicroelectronics.X-CUBE-AI.8.1.0
2024-10-08 01:19:53,141 [WARN] ConditionMgr:438 - getConditionDescription Invalid condition id : LAN8742 Phy interface Condition cause : null
2024-10-08 01:19:53,141 [WARN] PackLoader:240 - Cannot read IP mode file for STMicroelectronics.X-CUBE-AZRTOS-L4.2.0.0
2024-10-08 01:19:53,142 [WARN] ConditionMgr:1039 - genDependencies : Invalid condition id : LAN8742 Phy interface Condition cause : null
2024-10-08 01:19:53,142 [WARN] ConditionMgr:1039 - genDependencies : Invalid condition id : LAN8742 Phy interface Condition cause : null
2024-10-08 01:19:53,143 [WARN] ConditionMgr:1039 - genDependencies : Invalid condition id : LAN8742 Phy interface Condition cause : null
2024-10-08 01:19:53,155 [WARN] PackLoader:240 - Cannot read IP mode file for STMicroelectronics.X-CUBE-SFXS2LP1.4.0.0
2024-10-08 01:19:53,166 [WARN] PackLoader:240 - Cannot read IP mode file for STMicroelectronics.X-CUBE-ISPU.1.1.0
2024-10-08 01:19:53,197 [WARN] PackLoader:240 - Cannot read IP mode file for STMicroelectronics.X-CUBE-AZRTOS-H7.3.3.0
2024-10-08 01:19:53,207 [ERROR] Engine:466 - C:\Users\vieth\.stm32cubemx\thirdparties\pdsc\STMicroelectronics.X-CUBE-IPS.3.0.0.pdsc: PDSC version is not supported
2024-10-08 01:19:53,227 [WARN] ConditionMgr:438 - getConditionDescription Invalid condition id : UX DEVICE CLASS RTOS Condition cause : null
2024-10-08 01:19:53,228 [WARN] ConditionMgr:438 - getConditionDescription Invalid condition id : UX DEVICE CLASS RTOS Condition cause : null
2024-10-08 01:19:53,229 [WARN] PackLoader:240 - Cannot read IP mode file for STMicroelectronics.X-CUBE-AZRTOS-WB.2.0.0
2024-10-08 01:19:53,229 [WARN] ConditionMgr:1039 - genDependencies : Invalid condition id : UX DEVICE CLASS RTOS Condition cause : null
2024-10-08 01:19:53,229 [WARN] ConditionMgr:1039 - genDependencies : Invalid condition id : UX DEVICE CLASS RTOS Condition cause : null
2024-10-08 01:19:53,230 [WARN] ConditionMgr:1039 - genDependencies : Invalid condition id : UX DEVICE CLASS RTOS Condition cause : null
2024-10-08 01:19:53,230 [WARN] ConditionMgr:1039 - genDependencies : Invalid condition id : UX DEVICE CLASS RTOS Condition cause : null
2024-10-08 01:19:53,230 [WARN] ConditionMgr:1039 - genDependencies : Invalid condition id : UX DEVICE CLASS RTOS Condition cause : null
2024-10-08 01:19:53,244 [WARN] PackLoader:240 - Cannot read IP mode file for STMicroelectronics.X-CUBE-FREERTOS.1.0.1
2024-10-08 01:19:53,257 [WARN] PackLoader:240 - Cannot read IP mode file for STMicroelectronics.X-CUBE-GNSS1.7.0.0
2024-10-08 01:19:53,269 [ERROR] Engine:466 - C:\Users\vieth\.stm32cubemx\thirdparties\pdsc\STMicroelectronics.FP-SNS-STBOX1.2.0.0.pdsc: PDSC version is not supported
2024-10-08 01:19:53,291 [WARN] PackLoader:240 - Cannot read IP mode file for STMicroelectronics.X-CUBE-AZRTOS-L5.1.1.0
2024-10-08 01:19:53,306 [WARN] PackLoader:240 - Cannot read IP mode file for STMicroelectronics.X-CUBE-AI.8.0.1
2024-10-08 01:19:53,322 [WARN] PackLoader:240 - Cannot read IP mode file for STMicroelectronics.X-CUBE-SUBG2.5.0.0
2024-10-08 01:19:53,330 [WARN] PackLoader:240 - Cannot read IP mode file for Cesanta.I-CUBE-Mongoose.7.13.0
2024-10-08 01:19:53,350 [WARN] PackLoader:240 - Cannot read IP mode file for STMicroelectronics.X-CUBE-TOF1.3.3.1
2024-10-08 01:19:53,379 [WARN] PackLoader:240 - Cannot read IP mode file for STMicroelectronics.X-CUBE-AZRTOS-G4.2.0.0
2024-10-08 01:19:53,407 [WARN] PackLoader:240 - Cannot read IP mode file for Infineon.AIROC-Wi-Fi-Bluetooth-STM32.1.5.1
2024-10-08 01:19:53,419 [WARN] PackLoader:240 - Cannot read IP mode file for STMicroelectronics.FP-SNS-MOTENVWB1.1.3.1
2024-10-08 01:19:53,432 [WARN] PackLoader:240 - Cannot read IP mode file for STMicroelectronics.X-CUBE-ISPU.2.0.0
2024-10-08 01:19:53,448 [WARN] PackLoader:240 - Cannot read IP mode file for STMicroelectronics.X-CUBE-ALS.1.0.2
2024-10-08 01:19:53,496 [WARN] PackLoader:240 - Cannot read IP mode file for STMicroelectronics.X-CUBE-MEMS1.10.0.0
2024-10-08 01:19:53,584 [WARN] PackLoader:240 - Cannot read IP mode file for STMicroelectronics.X-CUBE-FREERTOS.1.1.0
2024-10-08 01:19:53,596 [WARN] PackLoader:240 - Cannot read IP mode file for STMicroelectronics.X-CUBE-TOUCHGFX.4.24.1
2024-10-08 01:19:53,600 [WARN] PackLoader:240 - Cannot read IP mode file for wolfSSL.I-CUBE-wolfTPM.3.4.0
2024-10-08 01:19:53,615 [WARN] PackLoader:240 - Cannot read IP mode file for portGmbH.I-Cube-SoM-uGOAL.1.1.0
2024-10-08 01:19:53,628 [WARN] PackLoader:240 - Cannot read IP mode file for STMicroelectronics.X-CUBE-ALS.1.0.1
2024-10-08 01:19:53,648 [WARN] PackLoader:240 - Cannot read IP mode file for STMicroelectronics.X-CUBE-AZRTOS-WB.1.1.0
2024-10-08 01:19:53,677 [WARN] PackLoader:240 - Cannot read IP mode file for STMicroelectronics.X-CUBE-AZRTOS-H7RS.1.0.0
2024-10-08 01:19:53,683 [WARN] PackLoader:240 - Cannot read IP mode file for STMicroelectronics.FP-ATR-ASTRA1.2.0.0
2024-10-08 01:19:53,696 [ERROR] Engine:466 - C:\Users\vieth\.stm32cubemx\thirdparties\pdsc\STMicroelectronics.X-CUBE-TOF1.3.4.2.pdsc: PDSC version is not supported
2024-10-08 01:19:53,714 [WARN] PackLoader:240 - Cannot read IP mode file for STMicroelectronics.X-CUBE-TOF1.3.4.0
2024-10-08 01:19:53,740 [WARN] PackLoader:240 - Cannot read IP mode file for STMicroelectronics.X-CUBE-TOF1.3.4.1
2024-10-08 01:19:53,772 [WARN] PackLoader:240 - Cannot read IP mode file for STMicroelectronics.X-CUBE-AZRTOS-H7.3.2.0
2024-10-08 01:19:53,779 [WARN] PackLoader:240 - Cannot read IP mode file for wolfSSL.I-CUBE-wolfSSH.1.4.17
2024-10-08 01:19:53,779 [INFO] ThirdParty:978 - Integrity check success = true
2024-10-08 01:19:53,779 [INFO] IntegrityCheckThread:100 - exiting critical section [integrity check]
2024-10-08 01:19:53,779 [INFO] IntegrityCheckThread:103 - End integrity checks thread
2024-10-08 01:20:07,163 [ERROR] LogOutputStream:75 - [STDERR_REDIRECT] SLF4J: Failed to load class "org.slf4j.impl.StaticLoggerBinder".
2024-10-08 01:20:07,164 [ERROR] LogOutputStream:75 - [STDERR_REDIRECT] SLF4J: Defaulting to no-operation (NOP) logger implementation
2024-10-08 01:20:07,165 [ERROR] LogOutputStream:75 - [STDERR_REDIRECT] SLF4J: See http://www.slf4j.org/codes.html#StaticLoggerBinder for further details.
